This is pdfTeX, Version 3.14159265-2.6-1.40.19 (TeX Live 2018) (preloaded format=pdflatex 2018.9.27)  9 OCT 2018 15:30
entering extended mode
 restricted \write18 enabled.
 file:line:error style messages enabled.
 %&-line parsing enabled.
**Tutorial.tex
(./Tutorial.tex
LaTeX2e <2018-04-01> patch level 5
(/usr/local/texlive/2018/texmf-dist/tex/latex/base/article.cls
Document Class: article 2014/09/29 v1.4h Standard LaTeX document class
(/usr/local/texlive/2018/texmf-dist/tex/latex/base/size10.clo
File: size10.clo 2014/09/29 v1.4h Standard LaTeX file (size option)
)
\c@part=\count80
\c@section=\count81
\c@subsection=\count82
\c@subsubsection=\count83
\c@paragraph=\count84
\c@subparagraph=\count85
\c@figure=\count86
\c@table=\count87
\abovecaptionskip=\skip41
\belowcaptionskip=\skip42
\bibindent=\dimen102
) (/usr/local/texlive/2018/texmf-dist/tex/latex/graphics/graphicx.sty
Package: graphicx 2017/06/01 v1.1a Enhanced LaTeX Graphics (DPC,SPQR)
 (/usr/local/texlive/2018/texmf-dist/tex/latex/graphics/keyval.sty
Package: keyval 2014/10/28 v1.15 key=value parser (DPC)
\KV@toks@=\toks14
) (/usr/local/texlive/2018/texmf-dist/tex/latex/graphics/graphics.sty
Package: graphics 2017/06/25 v1.2c Standard LaTeX Graphics (DPC,SPQR)
 (/usr/local/texlive/2018/texmf-dist/tex/latex/graphics/trig.sty
Package: trig 2016/01/03 v1.10 sin cos tan (DPC)
) (/usr/local/texlive/2018/texmf-dist/tex/latex/graphics-cfg/graphics.cfg
File: graphics.cfg 2016/06/04 v1.11 sample graphics configuration
)
Package graphics Info: Driver file: pdftex.def on input line 99.
 (/usr/local/texlive/2018/texmf-dist/tex/latex/graphics-def/pdftex.def
File: pdftex.def 2018/01/08 v1.0l Graphics/color driver for pdftex
))
\Gin@req@height=\dimen103
\Gin@req@width=\dimen104
) (/usr/local/texlive/2018/texmf-dist/tex/latex/float/float.sty
Package: float 2001/11/08 v1.3d Float enhancements (AL)
\c@float@type=\count88
\float@exts=\toks15
\float@box=\box26
\@float@everytoks=\toks16
\@floatcapt=\box27
) (/usr/local/texlive/2018/texmf-dist/tex/latex/geometry/geometry.sty
Package: geometry 2018/04/16 v5.8 Page Geometry
 (/usr/local/texlive/2018/texmf-dist/tex/generic/oberdiek/ifpdf.sty
Package: ifpdf 2018/09/07 v3.3 Provides the ifpdf switch
) (/usr/local/texlive/2018/texmf-dist/tex/generic/oberdiek/ifvtex.sty
Package: ifvtex 2016/05/16 v1.6 Detect VTeX and its facilities (HO)
Package ifvtex Info: VTeX not detected.
) (/usr/local/texlive/2018/texmf-dist/tex/generic/ifxetex/ifxetex.sty
Package: ifxetex 2010/09/12 v0.6 Provides ifxetex conditional
)
\Gm@cnth=\count89
\Gm@cntv=\count90
\c@Gm@tempcnt=\count91
\Gm@bindingoffset=\dimen105
\Gm@wd@mp=\dimen106
\Gm@odd@mp=\dimen107
\Gm@even@mp=\dimen108
\Gm@layoutwidth=\dimen109
\Gm@layoutheight=\dimen110
\Gm@layouthoffset=\dimen111
\Gm@layoutvoffset=\dimen112
\Gm@dimlist=\toks17
) (/Users/daizhirui/Development/Camel/CamelStudioX/macOS/CamelStudioX/CamelStudioX/Tutorial/.texpadtmp/Tutorial.aux)
\openout1 = `Tutorial.aux'.

LaTeX Font Info:    Checking defaults for OML/cmm/m/it on input line 9.
LaTeX Font Info:    ... okay on input line 9.
LaTeX Font Info:    Checking defaults for T1/cmr/m/n on input line 9.
LaTeX Font Info:    ... okay on input line 9.
LaTeX Font Info:    Checking defaults for OT1/cmr/m/n on input line 9.
LaTeX Font Info:    ... okay on input line 9.
LaTeX Font Info:    Checking defaults for OMS/cmsy/m/n on input line 9.
LaTeX Font Info:    ... okay on input line 9.
LaTeX Font Info:    Checking defaults for OMX/cmex/m/n on input line 9.
LaTeX Font Info:    ... okay on input line 9.
LaTeX Font Info:    Checking defaults for U/cmr/m/n on input line 9.
LaTeX Font Info:    ... okay on input line 9.
 (/usr/local/texlive/2018/texmf-dist/tex/context/base/mkii/supp-pdf.mkii
[Loading MPS to PDF converter (version 2006.09.02).]
\scratchcounter=\count92
\scratchdimen=\dimen113
\scratchbox=\box28
\nofMPsegments=\count93
\nofMParguments=\count94
\everyMPshowfont=\toks18
\MPscratchCnt=\count95
\MPscratchDim=\dimen114
\MPnumerator=\count96
\makeMPintoPDFobject=\count97
\everyMPtoPDFconversion=\toks19
) (/usr/local/texlive/2018/texmf-dist/tex/latex/oberdiek/epstopdf-base.sty
Package: epstopdf-base 2016/05/15 v2.6 Base part for package epstopdf
 (/usr/local/texlive/2018/texmf-dist/tex/generic/oberdiek/infwarerr.sty
Package: infwarerr 2016/05/16 v1.4 Providing info/warning/error messages (HO)
) (/usr/local/texlive/2018/texmf-dist/tex/latex/oberdiek/grfext.sty
Package: grfext 2016/05/16 v1.2 Manage graphics extensions (HO)
 (/usr/local/texlive/2018/texmf-dist/tex/generic/oberdiek/kvdefinekeys.sty
Package: kvdefinekeys 2016/05/16 v1.4 Define keys (HO)
 (/usr/local/texlive/2018/texmf-dist/tex/generic/oberdiek/ltxcmds.sty
Package: ltxcmds 2016/05/16 v1.23 LaTeX kernel commands for general use (HO)
))) (/usr/local/texlive/2018/texmf-dist/tex/latex/oberdiek/kvoptions.sty
Package: kvoptions 2016/05/16 v3.12 Key value format for package options (HO)
 (/usr/local/texlive/2018/texmf-dist/tex/generic/oberdiek/kvsetkeys.sty
Package: kvsetkeys 2016/05/16 v1.17 Key value parser (HO)
 (/usr/local/texlive/2018/texmf-dist/tex/generic/oberdiek/etexcmds.sty
Package: etexcmds 2016/05/16 v1.6 Avoid name clashes with e-TeX commands (HO)
 (/usr/local/texlive/2018/texmf-dist/tex/generic/oberdiek/ifluatex.sty
Package: ifluatex 2016/05/16 v1.4 Provides the ifluatex switch (HO)
Package ifluatex Info: LuaTeX not detected.
)
Package etexcmds Info: Could not find \expanded.
(etexcmds)             That can mean that you are not using pdfTeX 1.50 or
(etexcmds)             that some package has redefined \expanded.
(etexcmds)             In the latter case, load this package earlier.
))) (/usr/local/texlive/2018/texmf-dist/tex/generic/oberdiek/pdftexcmds.sty
Package: pdftexcmds 2018/09/10 v0.29 Utility functions of pdfTeX for LuaTeX (HO)
Package pdftexcmds Info: LuaTeX not detected.
Package pdftexcmds Info: \pdf@primitive is available.
Package pdftexcmds Info: \pdf@ifprimitive is available.
Package pdftexcmds Info: \pdfdraftmode found.
)
Package epstopdf-base Info: Redefining graphics rule for `.eps' on input line 438.
Package grfext Info: Graphics extension search list:
(grfext)             [.pdf,.png,.jpg,.mps,.jpeg,.jbig2,.jb2,.PDF,.PNG,.JPG,.JPEG,.JBIG2,.JB2,.eps]
(grfext)             \AppendGraphicsExtensions on input line 456.
 (/usr/local/texlive/2018/texmf-dist/tex/latex/latexconfig/epstopdf-sys.cfg
File: epstopdf-sys.cfg 2010/07/13 v1.3 Configuration of (r)epstopdf for TeX Live
))
*geometry* driver: auto-detecting
*geometry* detected driver: pdftex
*geometry* verbose mode - [ preamble ] result:
* driver: pdftex
* paper: a4paper
* layout: <same size as paper>
* layoutoffset:(h,v)=(0.0pt,0.0pt)
* modes: 
* h-part:(L,W,R)=(56.9055pt, 483.69687pt, 56.9055pt)
* v-part:(T,H,B)=(56.9055pt, 731.23584pt, 56.9055pt)
* \paperwidth=597.50787pt
* \paperheight=845.04684pt
* \textwidth=483.69687pt
* \textheight=731.23584pt
* \oddsidemargin=-15.36449pt
* \evensidemargin=-15.36449pt
* \topmargin=-52.36449pt
* \headheight=12.0pt
* \headsep=25.0pt
* \topskip=10.0pt
* \footskip=30.0pt
* \marginparwidth=65.0pt
* \marginparsep=11.0pt
* \columnsep=10.0pt
* \skip\footins=9.0pt plus 4.0pt minus 2.0pt
* \hoffset=0.0pt
* \voffset=0.0pt
* \mag=1000
* \@twocolumnfalse
* \@twosidefalse
* \@mparswitchfalse
* \@reversemarginfalse
* (1in=72.27pt=25.4mm, 1cm=28.453pt)

LaTeX Font Info:    External font `cmex10' loaded for size
(Font)              <12> on input line 11.
LaTeX Font Info:    External font `cmex10' loaded for size
(Font)              <8> on input line 11.
LaTeX Font Info:    External font `cmex10' loaded for size
(Font)              <6> on input line 11.

LaTeX Warning: No \author given.

<Installation.png, id=1, 335.2525pt x 150.5625pt>
File: Installation.png Graphic file (type png)
<use Installation.png>
Package pdftex.def Info: Installation.png  used on input line 22.
(pdftex.def)             Requested size: 145.11053pt x 65.16792pt.
<LaunchPad.png, id=3, 253.94875pt x 138.5175pt>
File: LaunchPad.png Graphic file (type png)
<use LaunchPad.png>
Package pdftex.def Info: LaunchPad.png  used on input line 30.
(pdftex.def)             Requested size: 193.47578pt x 105.53647pt.
<InLaunchPad.png, id=4, 1686.3pt x 1053.9375pt>
File: InLaunchPad.png Graphic file (type png)
<use InLaunchPad.png>
Package pdftex.def Info: InLaunchPad.png  used on input line 36.
(pdftex.def)             Requested size: 411.14528pt x 256.95453pt.

LaTeX Warning: `h' float specifier changed to `ht'.

[1

{/usr/local/texlive/2018/texmf-var/fonts/map/pdftex/updmap/pdftex.map} <./Installation.png> <./LaunchPad.png>]
<CamelStudioX-Welcome.png, id=17, 735.74875pt x 447.6725pt>
File: CamelStudioX-Welcome.png Graphic file (type png)
<use CamelStudioX-Welcome.png>
Package pdftex.def Info: CamelStudioX-Welcome.png  used on input line 48.
(pdftex.def)             Requested size: 386.95897pt x 235.4551pt.
<MainMenu.png, id=18, 429.605pt x 192.72pt>
File: MainMenu.png Graphic file (type png)
<use MainMenu.png>
Package pdftex.def Info: MainMenu.png  used on input line 61.
(pdftex.def)             Requested size: 386.95897pt x 173.59047pt.


LaTeX Warning: `h' float specifier changed to `ht'.

[2 <./InLaunchPad.png> <./CamelStudioX-Welcome.png>]
<CreateProject.png, id=24, 1172.38pt x 815.045pt>
File: CreateProject.png Graphic file (type png)
<use CreateProject.png>
Package pdftex.def Info: CreateProject.png  used on input line 70.
(pdftex.def)             Requested size: 386.95897pt x 269.01543pt.
<MainWindow1.png, id=25, 1798.72pt x 1143.27126pt>
File: MainWindow1.png Graphic file (type png)
<use MainWindow1.png>
Package pdftex.def Info: MainWindow1.png  used on input line 83.
(pdftex.def)             Requested size: 338.58632pt x 215.20018pt.


LaTeX Warning: `h' float specifier changed to `ht'.

<MainWindow2.png, id=26, 1798.72pt x 1143.27126pt>
File: MainWindow2.png Graphic file (type png)
<use MainWindow2.png>
Package pdftex.def Info: MainWindow2.png  used on input line 89.
(pdftex.def)             Requested size: 338.58632pt x 215.20018pt.

LaTeX Warning: `h' float specifier changed to `ht'.

[3 <./MainMenu.png> <./CreateProject.png>]
<ProjectSetting-1.png, id=32, 368.37625pt x 261.97874pt>
File: ProjectSetting-1.png Graphic file (type png)
<use ProjectSetting-1.png>
Package pdftex.def Info: ProjectSetting-1.png  used on input line 99.
(pdftex.def)             Requested size: 290.22107pt x 206.3933pt.


LaTeX Warning: `!h' float specifier changed to `!ht'.

[4 <./MainWindow1.png> <./MainWindow2.png>] [5 <./ProjectSetting-1.png>]
<ToolBar-Build.png, id=42, 575.14874pt x 65.24374pt>
File: ToolBar-Build.png Graphic file (type png)
<use ToolBar-Build.png>
Package pdftex.def Info: ToolBar-Build.png  used on input line 114.
(pdftex.def)             Requested size: 290.22107pt x 32.92244pt.
 [6 <./ToolBar-Build.png>]
<MainWindow3.png, id=47, 1798.72pt x 1143.27126pt>
File: MainWindow3.png Graphic file (type png)
<use MainWindow3.png>
Package pdftex.def Info: MainWindow3.png  used on input line 123.
(pdftex.def)             Requested size: 241.84843pt x 153.70694pt.
<SerialMonitor1.png, id=48, 434.62375pt x 243.91125pt>
File: SerialMonitor1.png Graphic file (type png)
<use SerialMonitor1.png>
Package pdftex.def Info: SerialMonitor1.png  used on input line 131.
(pdftex.def)             Requested size: 241.84843pt x 135.72963pt.
<SerialMonitor2.png, id=49, 430.60875pt x 238.8925pt>
File: SerialMonitor2.png Graphic file (type png)
<use SerialMonitor2.png>
Package pdftex.def Info: SerialMonitor2.png  used on input line 137.
(pdftex.def)             Requested size: 241.84843pt x 134.17621pt.
 [7 <./MainWindow3.png> <./SerialMonitor1.png> <./SerialMonitor2.png>]
<ToolBar-SerialDriver.png, id=57, 572.1375pt x 63.23625pt>
File: ToolBar-SerialDriver.png Graphic file (type png)
<use ToolBar-SerialDriver.png>
Package pdftex.def Info: ToolBar-SerialDriver.png  used on input line 146.
(pdftex.def)             Requested size: 290.22107pt x 32.07733pt.
<SerialDriver.png, id=58, 442.65375pt x 130.4875pt>
File: SerialDriver.png Graphic file (type png)
<use SerialDriver.png>
Package pdftex.def Info: SerialDriver.png  used on input line 152.
(pdftex.def)             Requested size: 442.65265pt x 130.48717pt.
 [8 <./ToolBar-SerialDriver.png> <./SerialDriver.png>]
<Preference.png, id=64, 594.22pt x 403.5075pt>
File: Preference.png Graphic file (type png)
<use Preference.png>
Package pdftex.def Info: Preference.png  used on input line 165.
(pdftex.def)             Requested size: 386.95897pt x 262.77548pt.
<ToolBar.png, id=65, 573.14125pt x 117.43875pt>
File: ToolBar.png Graphic file (type png)
<use ToolBar.png>
Package pdftex.def Info: ToolBar.png  used on input line 173.
(pdftex.def)             Requested size: 386.95897pt x 79.29102pt.
 [9 <./Preference.png> <./ToolBar.png>]
<Documentation.png, id=71, 1798.72pt x 1143.27126pt>
File: Documentation.png Graphic file (type png)
<use Documentation.png>
Package pdftex.def Info: Documentation.png  used on input line 184.
(pdftex.def)             Requested size: 483.69687pt x 307.43134pt.
 [10 <./Documentation.png>] (/Users/daizhirui/Development/Camel/CamelStudioX/macOS/CamelStudioX/CamelStudioX/Tutorial/.texpadtmp/Tutorial.aux) ) 
Here is how much of TeX's memory you used:
 2074 strings out of 492641
 31287 string characters out of 6129330
 98811 words of memory out of 5000000
 5937 multiletter control sequences out of 15000+600000
 7895 words of font info for 28 fonts, out of 8000000 for 9000
 1141 hyphenation exceptions out of 8191
 41i,6n,25p,296b,296s stack positions out of 5000i,500n,10000p,200000b,80000s
</usr/local/texlive/2018/texmf-dist/fonts/type1/public/amsfonts/cm/cmbx10.pfb></usr/local/texlive/2018/texmf-dist/fonts/type1/public/amsfonts/cm/cmbx12.pfb></usr/local/texlive/2018/texmf-dist/fonts/type1/public/amsfonts/cm/cmr10.pfb></usr/local/texlive/2018/texmf-dist/fonts/type1/public/amsfonts/cm/cmr12.pfb></usr/local/texlive/2018/texmf-dist/fonts/type1/public/amsfonts/cm/cmr17.pfb>
Output written on /Users/daizhirui/Development/Camel/CamelStudioX/macOS/CamelStudioX/CamelStudioX/Tutorial/.texpadtmp/Tutorial.pdf (10 pages, 6204694 bytes).
PDF statistics:
 94 PDF objects out of 1000 (max. 8388607)
 40 compressed objects within 1 object stream
 0 named destinations out of 1000 (max. 500000)
 91 words of extra memory for PDF output out of 10000 (max. 10000000)

